<?xml version="1.0" encoding="UTF-8"?>
<testsuite name="GuessNumberGameTest" tests="1" skipped="0" failures="0" errors="0" timestamp="2020-01-26T07:07:05" hostname="CNjiahuan.yang" time="0.173">
  <properties/>
  <testcase name="should_return_Wrong_Input_input_again_given_2_numbers" classname="GuessNumberGameTest" time="0.173"/>
  <system-out><![CDATA[]]></system-out>
  <system-err><![CDATA[]]></system-err>
</testsuite>
