<?xml version="1.0" encoding="UTF-8"?>
<testsuite name="GuessNumberGameTest" tests="1" skipped="0" failures="0" errors="0" timestamp="2020-01-26T03:56:55" hostname="CNjiahuan.yang" time="0.013">
  <properties/>
  <testcase name="should_return_4_different_numbers_when_generate_answer" classname="GuessNumberGameTest" time="0.013"/>
  <system-out><![CDATA[]]></system-out>
  <system-err><![CDATA[]]></system-err>
</testsuite>
